This file contains any messages produced by compilers while
running configure, to aid debugging if configure makes a mistake.

It was created by nfStat configure 1.0, which was
generated by GNU Autoconf 2.69.  Invocation command line was

  $ ./configure --no-create --no-recursion

## --------- ##
## Platform. ##
## --------- ##

hostname = mobile
uname -m = x86_64
uname -r = 3.11-2-amd64
uname -s = Linux
uname -v = #1 SMP Debian 3.11.8-1 (2013-11-13)

/usr/bin/uname -p = unknown
/bin/uname -X     = unknown

/bin/arch              = unknown
/usr/bin/arch -k       = unknown
/usr/convex/getsysinfo = unknown
/usr/bin/hostinfo      = unknown
/bin/machine           = unknown
/usr/bin/oslevel       = unknown
/bin/universe          = unknown

PATH: /usr/local/bin
PATH: /usr/bin
PATH: /bin
PATH: /usr/local/games
PATH: /usr/games


## ----------- ##
## Core tests. ##
## ----------- ##

configure:1821: checking for a BSD-compatible install
configure:1889: result: /usr/bin/install -c
configure:1900: checking whether build environment is sane
configure:1950: result: yes
configure:2091: checking for a thread-safe mkdir -p
configure:2130: result: /bin/mkdir -p
configure:2143: checking for gawk
configure:2159: found /usr/bin/gawk
configure:2170: result: gawk
configure:2181: checking whether make sets $(MAKE)
configure:2203: result: yes
configure:2331: checking for gcc
configure:2347: found /usr/bin/gcc
configure:2358: result: gcc
configure:2587: checking for C compiler version
configure:2596: gcc --version >&5
gcc (Debian 4.8.2-1) 4.8.2
Copyright (C) 2013 Free Software Foundation, Inc.
This is free software; see the source for copying conditions.  There is NO
warranty; not even for MERCHANTABILITY or FITNESS FOR A PARTICULAR PURPOSE.

configure:2607: $? = 0
configure:2596: gcc -v >&5
Using built-in specs.
COLLECT_GCC=gcc
COLLECT_LTO_WRAPPER=/usr/lib/gcc/x86_64-linux-gnu/4.8/lto-wrapper
Target: x86_64-linux-gnu
Configured with: ../src/configure -v --with-pkgversion='Debian 4.8.2-1' --with-bugurl=file:///usr/share/doc/gcc-4.8/README.Bugs --enable-languages=c,c++,java,go,d,fortran,objc,obj-c++ --prefix=/usr --program-suffix=-4.8 --enable-shared --enable-linker-build-id --libexecdir=/usr/lib --without-included-gettext --enable-threads=posix --with-gxx-include-dir=/usr/include/c++/4.8 --libdir=/usr/lib --enable-nls --with-sysroot=/ --enable-clocale=gnu --enable-libstdcxx-debug --enable-libstdcxx-time=yes --enable-gnu-unique-object --enable-plugin --with-system-zlib --disable-browser-plugin --enable-java-awt=gtk --enable-gtk-cairo --with-java-home=/usr/lib/jvm/java-1.5.0-gcj-4.8-amd64/jre --enable-java-home --with-jvm-root-dir=/usr/lib/jvm/java-1.5.0-gcj-4.8-amd64 --with-jvm-jar-dir=/usr/lib/jvm-exports/java-1.5.0-gcj-4.8-amd64 --with-arch-directory=amd64 --with-ecj-jar=/usr/share/java/eclipse-ecj.jar --enable-objc-gc --enable-multiarch --with-arch-32=i586 --with-abi=m64 --with-multilib-list=m32,m64,mx32 --with-tune=generic --enable-checking=release --build=x86_64-linux-gnu --host=x86_64-linux-gnu --target=x86_64-linux-gnu
Thread model: posix
gcc version 4.8.2 (Debian 4.8.2-1) 
configure:2607: $? = 0
configure:2596: gcc -V >&5
gcc: error: unrecognized command line option '-V'
gcc: fatal error: no input files
compilation terminated.
configure:2607: $? = 4
configure:2596: gcc -qversion >&5
gcc: error: unrecognized command line option '-qversion'
gcc: fatal error: no input files
compilation terminated.
configure:2607: $? = 4
configure:2627: checking whether the C compiler works
configure:2649: gcc    conftest.c  >&5
configure:2653: $? = 0
configure:2701: result: yes
configure:2704: checking for C compiler default output file name
configure:2706: result: a.out
configure:2712: checking for suffix of executables
configure:2719: gcc -o conftest    conftest.c  >&5
configure:2723: $? = 0
configure:2745: result: 
configure:2767: checking whether we are cross compiling
configure:2775: gcc -o conftest    conftest.c  >&5
configure:2779: $? = 0
configure:2786: ./conftest
configure:2790: $? = 0
configure:2805: result: no
configure:2810: checking for suffix of object files
configure:2832: gcc -c   conftest.c >&5
configure:2836: $? = 0
configure:2857: result: o
configure:2861: checking whether we are using the GNU C compiler
configure:2880: gcc -c   conftest.c >&5
configure:2880: $? = 0
configure:2889: result: yes
configure:2898: checking whether gcc accepts -g
configure:2918: gcc -c -g  conftest.c >&5
configure:2918: $? = 0
configure:2959: result: yes
configure:2976: checking for gcc option to accept ISO C89
configure:3039: gcc  -c -g -O2  conftest.c >&5
configure:3039: $? = 0
configure:3052: result: none needed
configure:3083: checking for style of include used by make
configure:3111: result: GNU
configure:3136: checking dependency style of gcc
configure:3246: result: gcc3
configure:3395: creating ./config.status

## ---------------- ##
## Cache variables. ##
## ---------------- ##

ac_cv_c_compiler_gnu=yes
ac_cv_env_CC_set=
ac_cv_env_CC_value=
ac_cv_env_CFLAGS_set=
ac_cv_env_CFLAGS_value=
ac_cv_env_CPPFLAGS_set=
ac_cv_env_CPPFLAGS_value=
ac_cv_env_LDFLAGS_set=
ac_cv_env_LDFLAGS_value=
ac_cv_env_LIBS_set=
ac_cv_env_LIBS_value=
ac_cv_env_build_alias_set=
ac_cv_env_build_alias_value=
ac_cv_env_host_alias_set=
ac_cv_env_host_alias_value=
ac_cv_env_target_alias_set=
ac_cv_env_target_alias_value=
ac_cv_objext=o
ac_cv_path_install='/usr/bin/install -c'
ac_cv_path_mkdir=/bin/mkdir
ac_cv_prog_AWK=gawk
ac_cv_prog_ac_ct_CC=gcc
ac_cv_prog_cc_c89=
ac_cv_prog_cc_g=yes
ac_cv_prog_make_make_set=yes
am_cv_CC_dependencies_compiler_type=gcc3

## ----------------- ##
## Output variables. ##
## ----------------- ##

ACLOCAL='${SHELL} /home/mimmo/phd/research/svn-milano/obsidian/obsidian/contrib/nfStat/missing --run aclocal-1.11'
AMDEPBACKSLASH='\'
AMDEP_FALSE='#'
AMDEP_TRUE=''
AMTAR='${SHELL} /home/mimmo/phd/research/svn-milano/obsidian/obsidian/contrib/nfStat/missing --run tar'
AUTOCONF='${SHELL} /home/mimmo/phd/research/svn-milano/obsidian/obsidian/contrib/nfStat/missing --run autoconf'
AUTOHEADER='${SHELL} /home/mimmo/phd/research/svn-milano/obsidian/obsidian/contrib/nfStat/missing --run autoheader'
AUTOMAKE='${SHELL} /home/mimmo/phd/research/svn-milano/obsidian/obsidian/contrib/nfStat/missing --run automake-1.11'
AWK='gawk'
CC='gcc'
CCDEPMODE='depmode=gcc3'
CFLAGS='-g -O2'
CPPFLAGS=''
CYGPATH_W='echo'
DEFS='-DHAVE_CONFIG_H'
DEPDIR='.deps'
ECHO_C=''
ECHO_N='-n'
ECHO_T=''
EXEEXT=''
INSTALL_DATA='${INSTALL} -m 644'
INSTALL_PROGRAM='${INSTALL}'
INSTALL_SCRIPT='${INSTALL}'
INSTALL_STRIP_PROGRAM='$(install_sh) -c -s'
LDFLAGS=''
LIBOBJS=''
LIBS=''
LTLIBOBJS=''
MAKEINFO='${SHELL} /home/mimmo/phd/research/svn-milano/obsidian/obsidian/contrib/nfStat/missing --run makeinfo'
MKDIR_P='/bin/mkdir -p'
OBJEXT='o'
PACKAGE='nfstat'
PACKAGE_BUGREPORT='todo@todo.org'
PACKAGE_NAME='nfStat'
PACKAGE_STRING='nfStat 1.0'
PACKAGE_TARNAME='nfstat'
PACKAGE_URL=''
PACKAGE_VERSION='1.0'
PATH_SEPARATOR=':'
SET_MAKE=''
SHELL='/bin/bash'
STRIP=''
VERSION='1.0'
ac_ct_CC='gcc'
am__EXEEXT_FALSE=''
am__EXEEXT_TRUE='#'
am__fastdepCC_FALSE='#'
am__fastdepCC_TRUE=''
am__include='include'
am__isrc=''
am__leading_dot='.'
am__quote=''
am__tar='${AMTAR} chof - "$$tardir"'
am__untar='${AMTAR} xf -'
bindir='${exec_prefix}/bin'
build_alias=''
datadir='${datarootdir}'
datarootdir='${prefix}/share'
docdir='${datarootdir}/doc/${PACKAGE_TARNAME}'
dvidir='${docdir}'
exec_prefix='${prefix}'
host_alias=''
htmldir='${docdir}'
includedir='${prefix}/include'
infodir='${datarootdir}/info'
install_sh='${SHELL} /home/mimmo/phd/research/svn-milano/obsidian/obsidian/contrib/nfStat/install-sh'
libdir='${exec_prefix}/lib'
libexecdir='${exec_prefix}/libexec'
localedir='${datarootdir}/locale'
localstatedir='${prefix}/var'
mandir='${datarootdir}/man'
mkdir_p='/bin/mkdir -p'
oldincludedir='/usr/include'
pdfdir='${docdir}'
prefix='/usr/local'
program_transform_name='s,x,x,'
psdir='${docdir}'
sbindir='${exec_prefix}/sbin'
sharedstatedir='${prefix}/com'
sysconfdir='${prefix}/etc'
target_alias=''

## ----------- ##
## confdefs.h. ##
## ----------- ##

/* confdefs.h */
#define PACKAGE_NAME "nfStat"
#define PACKAGE_TARNAME "nfstat"
#define PACKAGE_VERSION "1.0"
#define PACKAGE_STRING "nfStat 1.0"
#define PACKAGE_BUGREPORT "todo@todo.org"
#define PACKAGE_URL ""
#define PACKAGE "nfstat"
#define VERSION "1.0"

configure: exit 0

## ---------------------- ##
## Running config.status. ##
## ---------------------- ##

This file was extended by nfStat config.status 1.0, which was
generated by GNU Autoconf 2.69.  Invocation command line was

  CONFIG_FILES    = 
  CONFIG_HEADERS  = 
  CONFIG_LINKS    = 
  CONFIG_COMMANDS = 
  $ ./config.status 

on mobile

config.status:835: creating Makefile
config.status:835: creating src/Makefile
config.status:835: creating config.h
config.status:1016: config.h is unchanged
config.status:1064: executing depfiles commands

## ---------------------- ##
## Running config.status. ##
## ---------------------- ##

This file was extended by nfStat config.status 1.0, which was
generated by GNU Autoconf 2.69.  Invocation command line was

  CONFIG_FILES    = 
  CONFIG_HEADERS  = 
  CONFIG_LINKS    = 
  CONFIG_COMMANDS = 
  $ ./config.status config.h

on mobile

config.status:835: creating config.h
config.status:1016: config.h is unchanged
